[2024-03-05 15:16:17] Test d'écriture dans le fichier log
[2024-03-05 15:16:17] SELECT * FROM user WHERE user = 'kqui' AND password =  'acide' AND blocked = 0
[2024-03-05 15:16:17] SELECT * FROM user WHERE user = 'kqui'
[2024-03-05 15:16:17] UPDATE user SET failures = failures + 1 WHERE user = 'kqui'
[2024-03-05 15:16:20] Test d'écriture dans le fichier log
[2024-03-05 15:16:20] SELECT * FROM user WHERE user = 'kqui' AND password =  'manGe' AND blocked = 0
[2024-03-05 15:16:20] UPDATE user SET failures = 0 WHERE user = 'kqui'
[2024-03-05 15:16:20] Test d'écriture dans le fichier log
[2024-03-05 15:16:21] Test d'écriture dans le fichier log
[2024-03-05 15:16:52] DELETE FROM user
[2024-03-05 15:16:52] INSERT INTO user (id,user,first_name,last_name,password,blocked)
VALUES
(1,'kqui','Kevin','QUI','manGe',0),
(2,'jbon','Jean','BON','cUit',0),
(3,'echirac','Evelyne','CHIRAC','President',0),
(4,'mpage','Marc','PAGE','livRE',1)
[2024-03-05 15:16:55] SELECT * FROM user WHERE user = 'mpage' AND password =  'livRE' AND blocked = 0
[2024-03-05 15:16:55] SELECT * FROM user WHERE user = 'mpage'
[2024-03-05 15:16:57] SELECT * FROM user WHERE user = 'mpage' AND password =  'forgeted' AND blocked = 0
[2024-03-05 15:16:57] SELECT * FROM user WHERE user = 'mpage'
[2024-03-05 15:17:00] SELECT * FROM user WHERE user = 'mpage' AND password =  'forgeted' AND blocked = 0
[2024-03-05 15:17:00] SELECT * FROM user WHERE user = 'mpage'
[2024-03-05 15:17:02] SELECT * FROM user WHERE user = 'jbon' AND password =  'cUit' AND blocked = 0
[2024-03-05 15:17:12] SELECT * FROM user WHERE user = 'nobody' AND password =  '' AND blocked = 0
[2024-03-05 15:17:12] SELECT * FROM user WHERE user = 'nobody'
[2024-03-05 15:17:14] SELECT * FROM user WHERE user = 'nobody' AND password =  'nobody' AND blocked = 0
[2024-03-05 15:17:14] SELECT * FROM user WHERE user = 'nobody'
[2024-03-05 15:17:17] SELECT * FROM user WHERE user = 'echirac' AND password =  'president' AND blocked = 0
[2024-03-05 15:17:17] SELECT * FROM user WHERE user = 'echirac'
[2024-03-05 15:17:17] UPDATE user SET failures = failures + 1 WHERE user = 'echirac'
[2024-03-05 15:17:19] SELECT * FROM user WHERE user = 'echirac' AND password =  'cUit' AND blocked = 0
[2024-03-05 15:17:19] SELECT * FROM user WHERE user = 'echirac'
[2024-03-05 15:17:19] UPDATE user SET failures = failures + 1 WHERE user = 'echirac'
[2024-03-05 15:17:21] SELECT * FROM user WHERE user = 'echirac' AND password =  '' AND blocked = 0
[2024-03-05 15:17:21] SELECT * FROM user WHERE user = 'echirac'
[2024-03-05 15:17:21] UPDATE user SET failures = failures + 1 WHERE user = 'echirac'
[2024-03-05 15:17:21] UPDATE user SET blocked = 1 WHERE user = 'echirac'
[2024-03-05 15:17:23] SELECT * FROM user WHERE user = 'echirac' AND password =  'President' AND blocked = 0
[2024-03-05 15:17:23] SELECT * FROM user WHERE user = 'echirac'
[2024-03-05 15:17:25] SELECT * FROM user WHERE user = 'echirac' AND password =  'President' AND blocked = 0
[2024-03-05 15:17:25] SELECT * FROM user WHERE user = 'echirac'
[2024-03-05 15:17:28] SELECT * FROM user WHERE user = 'kqui' AND password =  'acide' AND blocked = 0
[2024-03-05 15:17:28] SELECT * FROM user WHERE user = 'kqui'
[2024-03-05 15:17:28] UPDATE user SET failures = failures + 1 WHERE user = 'kqui'
[2024-03-05 15:17:31] SELECT * FROM user WHERE user = 'kqui' AND password =  'MANge' AND blocked = 0
[2024-03-05 15:17:31] SELECT * FROM user WHERE user = 'kqui'
[2024-03-05 15:17:31] UPDATE user SET failures = failures + 1 WHERE user = 'kqui'
[2024-03-05 15:17:33] SELECT * FROM user WHERE user = 'kqui' AND password =  'manGe' AND blocked = 0
[2024-03-05 15:17:33] UPDATE user SET failures = 0 WHERE user = 'kqui'
[2024-03-05 15:17:38] SELECT * FROM user WHERE user = 'kqui' AND password =  'acide' AND blocked = 0
[2024-03-05 15:17:38] SELECT * FROM user WHERE user = 'kqui'
[2024-03-05 15:17:38] UPDATE user SET failures = failures + 1 WHERE user = 'kqui'
[2024-03-05 15:17:40] SELECT * FROM user WHERE user = 'kqui' AND password =  'manGe' AND blocked = 0
[2024-03-05 15:17:40] UPDATE user SET failures = 0 WHERE user = 'kqui'
[2024-03-05 15:19:18] IP: ::1, UserID: 0, Query: DELETE FROM user
[2024-03-05 15:19:18] IP: ::1, UserID: 0, Query: INSERT INTO user (id,user,first_name,last_name,password,blocked)
VALUES
(1,'kqui','Kevin','QUI','manGe',0),
(2,'jbon','Jean','BON','cUit',0),
(3,'echirac','Evelyne','CHIRAC','President',0),
(4,'mpage','Marc','PAGE','livRE',1)
[2024-03-05 15:19:20] IP: ::1, UserID: 0, Query: SELECT * FROM user WHERE user = 'mpage' AND password =  'livRE' AND blocked = 0
[2024-03-05 15:19:20] IP: ::1, UserID: 0, Query: SELECT * FROM user WHERE user = 'mpage'
[2024-03-05 15:19:23] IP: ::1, UserID: 0, Query: SELECT * FROM user WHERE user = 'mpage' AND password =  'forgeted' AND blocked = 0
[2024-03-05 15:19:23] IP: ::1, UserID: 0, Query: SELECT * FROM user WHERE user = 'mpage'
[2024-03-05 15:19:25] IP: ::1, UserID: 0, Query: SELECT * FROM user WHERE user = 'mpage' AND password =  'forgeted' AND blocked = 0
[2024-03-05 15:19:25] IP: ::1, UserID: 0, Query: SELECT * FROM user WHERE user = 'mpage'
[2024-03-05 15:19:28] IP: ::1, UserID: 0, Query: SELECT * FROM user WHERE user = 'jbon' AND password =  'cUit' AND blocked = 0
[2024-03-05 15:19:38] IP: ::1, UserID: 0, Query: SELECT * FROM user WHERE user = 'nobody' AND password =  '' AND blocked = 0
[2024-03-05 15:19:38] IP: ::1, UserID: 0, Query: SELECT * FROM user WHERE user = 'nobody'
[2024-03-05 15:19:41] IP: ::1, UserID: 0, Query: SELECT * FROM user WHERE user = 'nobody' AND password =  'nobody' AND blocked = 0
[2024-03-05 15:19:41] IP: ::1, UserID: 0, Query: SELECT * FROM user WHERE user = 'nobody'
[2024-03-05 15:19:44] IP: ::1, UserID: 0, Query: SELECT * FROM user WHERE user = 'echirac' AND password =  'president' AND blocked = 0
[2024-03-05 15:19:44] IP: ::1, UserID: 0, Query: SELECT * FROM user WHERE user = 'echirac'
[2024-03-05 15:19:44] IP: ::1, UserID: 0, Query: UPDATE user SET failures = failures + 1 WHERE user = 'echirac'
[2024-03-05 15:19:46] IP: ::1, UserID: 0, Query: SELECT * FROM user WHERE user = 'echirac' AND password =  'cUit' AND blocked = 0
[2024-03-05 15:19:46] IP: ::1, UserID: 0, Query: SELECT * FROM user WHERE user = 'echirac'
[2024-03-05 15:19:46] IP: ::1, UserID: 0, Query: UPDATE user SET failures = failures + 1 WHERE user = 'echirac'
[2024-03-05 15:19:48] IP: ::1, UserID: 0, Query: SELECT * FROM user WHERE user = 'echirac' AND password =  '' AND blocked = 0
[2024-03-05 15:19:48] IP: ::1, UserID: 0, Query: SELECT * FROM user WHERE user = 'echirac'
[2024-03-05 15:19:49] IP: ::1, UserID: 0, Query: UPDATE user SET failures = failures + 1 WHERE user = 'echirac'
[2024-03-05 15:19:49] IP: ::1, UserID: 0, Query: UPDATE user SET blocked = 1 WHERE user = 'echirac'
[2024-03-05 15:19:51] IP: ::1, UserID: 0, Query: SELECT * FROM user WHERE user = 'echirac' AND password =  'President' AND blocked = 0
[2024-03-05 15:19:51] IP: ::1, UserID: 0, Query: SELECT * FROM user WHERE user = 'echirac'
[2024-03-05 15:19:53] IP: ::1, UserID: 0, Query: SELECT * FROM user WHERE user = 'echirac' AND password =  'President' AND blocked = 0
[2024-03-05 15:19:53] IP: ::1, UserID: 0, Query: SELECT * FROM user WHERE user = 'echirac'
[2024-03-05 15:19:56] IP: ::1, UserID: 0, Query: SELECT * FROM user WHERE user = 'kqui' AND password =  'acide' AND blocked = 0
[2024-03-05 15:19:56] IP: ::1, UserID: 0, Query: SELECT * FROM user WHERE user = 'kqui'
[2024-03-05 15:19:56] IP: ::1, UserID: 0, Query: UPDATE user SET failures = failures + 1 WHERE user = 'kqui'
[2024-03-05 15:19:59] IP: ::1, UserID: 0, Query: SELECT * FROM user WHERE user = 'kqui' AND password =  'MANge' AND blocked = 0
[2024-03-05 15:19:59] IP: ::1, UserID: 0, Query: SELECT * FROM user WHERE user = 'kqui'
[2024-03-05 15:19:59] IP: ::1, UserID: 0, Query: UPDATE user SET failures = failures + 1 WHERE user = 'kqui'
[2024-03-05 15:20:03] IP: ::1, UserID: 0, Query: SELECT * FROM user WHERE user = 'kqui' AND password =  'manGe' AND blocked = 0
[2024-03-05 15:20:03] IP: ::1, UserID: 0, Query: UPDATE user SET failures = 0 WHERE user = 'kqui'
[2024-03-05 15:20:07] IP: ::1, UserID: 0, Query: SELECT * FROM user WHERE user = 'kqui' AND password =  'acide' AND blocked = 0
[2024-03-05 15:20:07] IP: ::1, UserID: 0, Query: SELECT * FROM user WHERE user = 'kqui'
[2024-03-05 15:20:07] IP: ::1, UserID: 0, Query: UPDATE user SET failures = failures + 1 WHERE user = 'kqui'
[2024-03-05 15:20:10] IP: ::1, UserID: 0, Query: SELECT * FROM user WHERE user = 'kqui' AND password =  'manGe' AND blocked = 0
[2024-03-05 15:20:10] IP: ::1, UserID: 0, Query: UPDATE user SET failures = 0 WHERE user = 'kqui'
[2024-03-07 09:02:03] IP: ::1, UserID: 0, Query: SELECT * FROM user WHERE user = ''union select 1,2,3 ---' AND password =  '' AND blocked = 0
[2024-03-07 09:02:16] IP: ::1, UserID: 0, Query: SELECT * FROM user WHERE user = ''union select 1,2,3,4 ---' AND password =  '' AND blocked = 0
[2024-03-07 09:02:55] IP: ::1, UserID: 0, Query: SELECT * FROM user WHERE user = ''union select 1,2,3,4,5,6,7 ---' AND password =  '' AND blocked = 0
[2024-03-07 09:02:55] IP: ::1, UserID: 0, Query: UPDATE user SET failures = 0 WHERE user = ''union select 1,2,3,4,5,6,7 ---'
[2024-03-07 09:09:56] IP: ::1, UserID: 0, Query: SELECT * FROM user WHERE user = ''union select 1,2,3,user,password,6,7 FROM user --' AND password =  '' AND blocked = 0
[2024-03-07 09:09:56] IP: ::1, UserID: 0, Query: UPDATE user SET failures = 0 WHERE user = ''union select 1,2,3,user,password,6,7 FROM user --'
[2024-03-07 09:48:50] IP: ::1, UserID: 0, Query: SELECT * FROM user WHERE user = 'union select 1,2,3 id || ' - ' || first-name || ' _ ' || last_name,user ||' - '|| password,6,7 from user limit 1 offset 1 --' AND password =  '' AND blocked = 0
[2024-03-07 09:49:08] IP: ::1, UserID: 0, Query: SELECT * FROM user WHERE user = 'union select 1,2,3 id || ' - ' || first-name || ' - ' || last_name,user ||' - '|| password,6,7 from user limit 1 offset 1 --' AND password =  '' AND blocked = 0
[2024-03-07 09:49:08] IP: ::1, UserID: 0, Query: SELECT * FROM user WHERE user = 'union select 1,2,3 id || ' - ' || first-name || ' - ' || last_name,user ||' - '|| password,6,7 from user limit 1 offset 1 --'
[2024-03-07 09:49:13] IP: ::1, UserID: 0, Query: SELECT * FROM user WHERE user = 'union select 1,2,3 id || ' - ' || first-name || ' - ' || last_name,user ||' - '|| password,6,7 from user limit 1 offset 1 --' AND password =  's' AND blocked = 0
[2024-03-07 09:49:13] IP: ::1, UserID: 0, Query: SELECT * FROM user WHERE user = 'union select 1,2,3 id || ' - ' || first-name || ' - ' || last_name,user ||' - '|| password,6,7 from user limit 1 offset 1 --'
[2024-03-07 09:49:32] IP: ::1, UserID: 0, Query: SELECT * FROM user WHERE user = 'union select 1,2,3,id || ' - ' || first-name || ' - ' || last_name,user ||' - '|| password,6,7 from user limit 1 offset 1 --' AND password =  '' AND blocked = 0
[2024-03-07 09:49:32] IP: ::1, UserID: 0, Query: SELECT * FROM user WHERE user = 'union select 1,2,3,id || ' - ' || first-name || ' - ' || last_name,user ||' - '|| password,6,7 from user limit 1 offset 1 --'
[2024-03-07 09:49:36] IP: ::1, UserID: 0, Query: SELECT * FROM user WHERE user = 'union select 1,2,3,id || ' - ' || first-name || ' - ' || last_name,user ||' - '|| password,6,7 from user limit 1 offset 1 --' AND password =  's' AND blocked = 0
[2024-03-07 09:49:36] IP: ::1, UserID: 0, Query: SELECT * FROM user WHERE user = 'union select 1,2,3,id || ' - ' || first-name || ' - ' || last_name,user ||' - '|| password,6,7 from user limit 1 offset 1 --'
[2024-03-07 09:50:13] IP: ::1, UserID: 0, Query: SELECT * FROM user WHERE user = '' union select 1,2,3,id || ' - ' || first_name || ' - ' || last_name,user ||' - '|| password,6,7 from user limit 1 offset 1 --' AND password =  '' AND blocked = 0
[2024-03-07 09:50:13] IP: ::1, UserID: 0, Query: UPDATE user SET failures = 0 WHERE user = '' union select 1,2,3,id || ' - ' || first_name || ' - ' || last_name,user ||' - '|| password,6,7 from user limit 1 offset 1 --'
[2024-03-07 09:55:25] IP: ::1, UserID: 0, Query: SELECT * FROM user WHERE user = ''union select 1,2,3,group_concat(user),group_concat(password),6,7 FROM user --' AND password =  '' AND blocked = 0
[2024-03-07 09:55:25] IP: ::1, UserID: 0, Query: UPDATE user SET failures = 0 WHERE user = ''union select 1,2,3,group_concat(user),group_concat(password),6,7 FROM user --'
[2024-03-07 10:06:56] IP: ::1, UserID: 0, Query: SELECT * FROM user WHERE user = ''union select 1,2,3,group_concat(sql, '-'),5,6,7 FROM sqlite_master --' AND password =  '' AND blocked = 0
[2024-03-07 10:06:56] IP: ::1, UserID: 0, Query: UPDATE user SET failures = 0 WHERE user = ''union select 1,2,3,group_concat(sql, '-'),5,6,7 FROM sqlite_master --'
[2024-03-07 10:25:13] IP: ::1, UserID: 0, Query: DELETE FROM user
[2024-03-07 10:25:13] IP: ::1, UserID: 0, Query: INSERT INTO user (id,user,first_name,last_name,password,blocked)
VALUES
(1,'kqui','Kevin','QUI','manGe',0),
(2,'jbon','Jean','BON','cUit',0),
(3,'echirac','Evelyne','CHIRAC','President',0),
(4,'mpage','Marc','PAGE','livRE',1)
[2024-03-07 10:36:55] IP: ::1, UserID: 0, Query: DELETE FROM user
[2024-03-07 10:36:55] IP: ::1, UserID: 0, Query: INSERT INTO user (id,user,first_name,last_name,password,blocked)
VALUES
(1,'kqui','Kevin','QUI','manGe',0),
(2,'jbon','Jean','BON','cUit',0),
(3,'echirac','Evelyne','CHIRAC','President',0),
(4,'mpage','Marc','PAGE','livRE',1)
[2024-03-07 10:36:58] IP: ::1, UserID: 0, Query: SELECT * FROM user WHERE user = 'mpage' AND password =  'livRE' AND blocked = 0
[2024-03-07 10:36:58] IP: ::1, UserID: 0, Query: SELECT * FROM user WHERE user = 'mpage'
[2024-03-07 10:37:02] IP: ::1, UserID: 0, Query: SELECT * FROM user WHERE user = 'mpage' AND password =  'forgeted' AND blocked = 0
[2024-03-07 10:37:02] IP: ::1, UserID: 0, Query: SELECT * FROM user WHERE user = 'mpage'
[2024-03-07 10:37:06] IP: ::1, UserID: 0, Query: SELECT * FROM user WHERE user = 'mpage' AND password =  'forgeted' AND blocked = 0
[2024-03-07 10:37:06] IP: ::1, UserID: 0, Query: SELECT * FROM user WHERE user = 'mpage'
[2024-03-07 10:37:10] IP: ::1, UserID: 0, Query: SELECT * FROM user WHERE user = 'jbon' AND password =  'cUit' AND blocked = 0
[2024-03-07 10:37:30] IP: ::1, UserID: 0, Query: SELECT * FROM user WHERE user = 'nobody' AND password =  '' AND blocked = 0
[2024-03-07 10:37:30] IP: ::1, UserID: 0, Query: SELECT * FROM user WHERE user = 'nobody'
[2024-03-07 10:37:35] IP: ::1, UserID: 0, Query: SELECT * FROM user WHERE user = 'nobody' AND password =  'nobody' AND blocked = 0
[2024-03-07 10:37:35] IP: ::1, UserID: 0, Query: SELECT * FROM user WHERE user = 'nobody'
[2024-03-07 10:37:40] IP: ::1, UserID: 0, Query: SELECT * FROM user WHERE user = 'echirac' AND password =  'president' AND blocked = 0
[2024-03-07 10:37:40] IP: ::1, UserID: 0, Query: SELECT * FROM user WHERE user = 'echirac'
[2024-03-07 10:37:40] IP: ::1, UserID: 0, Query: UPDATE user SET failures = failures + 1 WHERE user = 'echirac'
[2024-03-07 10:37:45] IP: ::1, UserID: 0, Query: SELECT * FROM user WHERE user = 'echirac' AND password =  'cUit' AND blocked = 0
[2024-03-07 10:37:45] IP: ::1, UserID: 0, Query: SELECT * FROM user WHERE user = 'echirac'
[2024-03-07 10:37:45] IP: ::1, UserID: 0, Query: UPDATE user SET failures = failures + 1 WHERE user = 'echirac'
[2024-03-07 10:37:51] IP: ::1, UserID: 0, Query: SELECT * FROM user WHERE user = 'echirac' AND password =  '' AND blocked = 0
[2024-03-07 10:37:51] IP: ::1, UserID: 0, Query: SELECT * FROM user WHERE user = 'echirac'
[2024-03-07 10:37:51] IP: ::1, UserID: 0, Query: UPDATE user SET failures = failures + 1 WHERE user = 'echirac'
[2024-03-07 10:37:51] IP: ::1, UserID: 0, Query: UPDATE user SET blocked = 1 WHERE user = 'echirac'
[2024-03-07 10:37:55] IP: ::1, UserID: 0, Query: SELECT * FROM user WHERE user = 'echirac' AND password =  'President' AND blocked = 0
[2024-03-07 10:37:55] IP: ::1, UserID: 0, Query: SELECT * FROM user WHERE user = 'echirac'
[2024-03-07 10:37:59] IP: ::1, UserID: 0, Query: SELECT * FROM user WHERE user = 'echirac' AND password =  'President' AND blocked = 0
[2024-03-07 10:37:59] IP: ::1, UserID: 0, Query: SELECT * FROM user WHERE user = 'echirac'
[2024-03-07 10:38:03] IP: ::1, UserID: 0, Query: SELECT * FROM user WHERE user = 'kqui' AND password =  'acide' AND blocked = 0
[2024-03-07 10:38:03] IP: ::1, UserID: 0, Query: SELECT * FROM user WHERE user = 'kqui'
[2024-03-07 10:38:03] IP: ::1, UserID: 0, Query: UPDATE user SET failures = failures + 1 WHERE user = 'kqui'
[2024-03-07 10:38:09] IP: ::1, UserID: 0, Query: SELECT * FROM user WHERE user = 'kqui' AND password =  'MANge' AND blocked = 0
[2024-03-07 10:38:09] IP: ::1, UserID: 0, Query: SELECT * FROM user WHERE user = 'kqui'
[2024-03-07 10:38:09] IP: ::1, UserID: 0, Query: UPDATE user SET failures = failures + 1 WHERE user = 'kqui'
[2024-03-07 10:38:16] IP: ::1, UserID: 0, Query: SELECT * FROM user WHERE user = 'kqui' AND password =  'manGe' AND blocked = 0
[2024-03-07 10:38:16] IP: ::1, UserID: 0, Query: UPDATE user SET failures = 0 WHERE user = 'kqui'
[2024-03-07 10:38:25] IP: ::1, UserID: 0, Query: SELECT * FROM user WHERE user = 'kqui' AND password =  'acide' AND blocked = 0
[2024-03-07 10:38:25] IP: ::1, UserID: 0, Query: SELECT * FROM user WHERE user = 'kqui'
[2024-03-07 10:38:25] IP: ::1, UserID: 0, Query: UPDATE user SET failures = failures + 1 WHERE user = 'kqui'
[2024-03-07 10:38:31] IP: ::1, UserID: 0, Query: SELECT * FROM user WHERE user = 'kqui' AND password =  'manGe' AND blocked = 0
[2024-03-07 10:38:31] IP: ::1, UserID: 0, Query: UPDATE user SET failures = 0 WHERE user = 'kqui'
[2024-03-07 10:51:58] IP: ::1, UserID: 0, Query: DELETE FROM user
[2024-03-07 10:51:58] IP: ::1, UserID: 0, Query: INSERT INTO user (id,user,first_name,last_name,password,blocked)
VALUES
(1,'kqui','Kevin','QUI','manGe',0),
(2,'jbon','Jean','BON','cUit',0),
(3,'echirac','Evelyne','CHIRAC','President',0),
(4,'mpage','Marc','PAGE','livRE',1)
[2024-03-07 10:52:00] IP: ::1, UserID: 0, Query: SELECT * FROM user WHERE user = 'mpage' AND password =  'livRE' AND blocked = 0
[2024-03-07 10:52:00] IP: ::1, UserID: 0, Query: SELECT * FROM user WHERE user = 'mpage'
[2024-03-07 10:52:04] IP: ::1, UserID: 0, Query: SELECT * FROM user WHERE user = 'mpage' AND password =  'forgeted' AND blocked = 0
[2024-03-07 10:52:04] IP: ::1, UserID: 0, Query: SELECT * FROM user WHERE user = 'mpage'
[2024-03-07 10:52:08] IP: ::1, UserID: 0, Query: SELECT * FROM user WHERE user = 'mpage' AND password =  'forgeted' AND blocked = 0
[2024-03-07 10:52:08] IP: ::1, UserID: 0, Query: SELECT * FROM user WHERE user = 'mpage'
[2024-03-07 10:52:12] IP: ::1, UserID: 0, Query: SELECT * FROM user WHERE user = 'jbon' AND password =  'cUit' AND blocked = 0
[2024-03-07 10:52:32] IP: ::1, UserID: 0, Query: SELECT * FROM user WHERE user = 'nobody' AND password =  '' AND blocked = 0
[2024-03-07 10:52:32] IP: ::1, UserID: 0, Query: SELECT * FROM user WHERE user = 'nobody'
[2024-03-07 10:52:37] IP: ::1, UserID: 0, Query: SELECT * FROM user WHERE user = 'nobody' AND password =  'nobody' AND blocked = 0
[2024-03-07 10:52:37] IP: ::1, UserID: 0, Query: SELECT * FROM user WHERE user = 'nobody'
[2024-03-07 10:52:42] IP: ::1, UserID: 0, Query: SELECT * FROM user WHERE user = 'echirac' AND password =  'president' AND blocked = 0
[2024-03-07 10:52:42] IP: ::1, UserID: 0, Query: SELECT * FROM user WHERE user = 'echirac'
[2024-03-07 10:52:42] IP: ::1, UserID: 0, Query: UPDATE user SET failures = failures + 1 WHERE user = 'echirac'
[2024-03-07 10:52:47] IP: ::1, UserID: 0, Query: SELECT * FROM user WHERE user = 'echirac' AND password =  'cUit' AND blocked = 0
[2024-03-07 10:52:47] IP: ::1, UserID: 0, Query: SELECT * FROM user WHERE user = 'echirac'
[2024-03-07 10:52:47] IP: ::1, UserID: 0, Query: UPDATE user SET failures = failures + 1 WHERE user = 'echirac'
[2024-03-07 10:52:53] IP: ::1, UserID: 0, Query: SELECT * FROM user WHERE user = 'echirac' AND password =  '' AND blocked = 0
[2024-03-07 10:52:53] IP: ::1, UserID: 0, Query: SELECT * FROM user WHERE user = 'echirac'
[2024-03-07 10:52:53] IP: ::1, UserID: 0, Query: UPDATE user SET failures = failures + 1 WHERE user = 'echirac'
[2024-03-07 10:52:53] IP: ::1, UserID: 0, Query: UPDATE user SET blocked = 1 WHERE user = 'echirac'
[2024-03-07 10:52:57] IP: ::1, UserID: 0, Query: SELECT * FROM user WHERE user = 'echirac' AND password =  'President' AND blocked = 0
[2024-03-07 10:52:57] IP: ::1, UserID: 0, Query: SELECT * FROM user WHERE user = 'echirac'
[2024-03-07 10:53:01] IP: ::1, UserID: 0, Query: SELECT * FROM user WHERE user = 'echirac' AND password =  'President' AND blocked = 0
[2024-03-07 10:53:01] IP: ::1, UserID: 0, Query: SELECT * FROM user WHERE user = 'echirac'
[2024-03-07 10:53:05] IP: ::1, UserID: 0, Query: SELECT * FROM user WHERE user = 'kqui' AND password =  'acide' AND blocked = 0
[2024-03-07 10:53:05] IP: ::1, UserID: 0, Query: SELECT * FROM user WHERE user = 'kqui'
[2024-03-07 10:53:05] IP: ::1, UserID: 0, Query: UPDATE user SET failures = failures + 1 WHERE user = 'kqui'
[2024-03-07 10:53:11] IP: ::1, UserID: 0, Query: SELECT * FROM user WHERE user = 'kqui' AND password =  'MANge' AND blocked = 0
[2024-03-07 10:53:11] IP: ::1, UserID: 0, Query: SELECT * FROM user WHERE user = 'kqui'
[2024-03-07 10:53:11] IP: ::1, UserID: 0, Query: UPDATE user SET failures = failures + 1 WHERE user = 'kqui'
[2024-03-07 10:53:18] IP: ::1, UserID: 0, Query: SELECT * FROM user WHERE user = 'kqui' AND password =  'manGe' AND blocked = 0
[2024-03-07 10:53:18] IP: ::1, UserID: 0, Query: UPDATE user SET failures = 0 WHERE user = 'kqui'
[2024-03-07 10:53:27] IP: ::1, UserID: 0, Query: SELECT * FROM user WHERE user = 'kqui' AND password =  'acide' AND blocked = 0
[2024-03-07 10:53:27] IP: ::1, UserID: 0, Query: SELECT * FROM user WHERE user = 'kqui'
[2024-03-07 10:53:27] IP: ::1, UserID: 0, Query: UPDATE user SET failures = failures + 1 WHERE user = 'kqui'
[2024-03-07 10:53:33] IP: ::1, UserID: 0, Query: SELECT * FROM user WHERE user = 'kqui' AND password =  'manGe' AND blocked = 0
[2024-03-07 10:53:33] IP: ::1, UserID: 0, Query: UPDATE user SET failures = 0 WHERE user = 'kqui'
[2024-03-07 10:54:46] IP: ::1, UserID: 0, Query: DELETE FROM user
[2024-03-07 10:54:46] IP: ::1, UserID: 0, Query: INSERT INTO user (id,user,first_name,last_name,password,blocked)
VALUES
(1,'kqui','Kevin','QUI','manGe',0),
(2,'jbon','Jean','BON','cUit',0),
(3,'echirac','Evelyne','CHIRAC','President',0),
(4,'mpage','Marc','PAGE','livRE',1)
[2024-03-07 10:54:49] IP: ::1, UserID: 0, Query: SELECT * FROM user WHERE user = :user AND password = :password AND blocked = 0
[2024-03-07 10:54:49] IP: ::1, UserID: 0, Query: SELECT * FROM user WHERE user = 'mpage'
[2024-03-07 10:54:53] IP: ::1, UserID: 0, Query: SELECT * FROM user WHERE user = :user AND password = :password AND blocked = 0
[2024-03-07 10:54:53] IP: ::1, UserID: 0, Query: SELECT * FROM user WHERE user = 'mpage'
[2024-03-07 10:54:57] IP: ::1, UserID: 0, Query: SELECT * FROM user WHERE user = :user AND password = :password AND blocked = 0
[2024-03-07 10:54:57] IP: ::1, UserID: 0, Query: SELECT * FROM user WHERE user = 'mpage'
[2024-03-07 10:55:01] IP: ::1, UserID: 0, Query: SELECT * FROM user WHERE user = :user AND password = :password AND blocked = 0
[2024-03-07 10:55:16] IP: ::1, UserID: 0, Query: SELECT * FROM user WHERE user = :user AND password = :password AND blocked = 0
[2024-03-07 10:55:16] IP: ::1, UserID: 0, Query: SELECT * FROM user WHERE user = 'nobody'
[2024-03-07 10:55:16] IP: ::1, UserID: 0, Query: SELECT * FROM user WHERE user = :user AND password = :password AND blocked = 0
[2024-03-07 10:55:16] IP: ::1, UserID: 0, Query: SELECT * FROM user WHERE user = 'nobody'
[2024-03-07 10:55:17] IP: ::1, UserID: 0, Query: SELECT * FROM user WHERE user = :user AND password = :password AND blocked = 0
[2024-03-07 10:55:17] IP: ::1, UserID: 0, Query: SELECT * FROM user WHERE user = 'echirac'
[2024-03-07 10:55:17] IP: ::1, UserID: 0, Query: UPDATE user SET failures = failures + 1 WHERE user = 'echirac'
[2024-03-07 10:55:18] IP: ::1, UserID: 0, Query: SELECT * FROM user WHERE user = :user AND password = :password AND blocked = 0
[2024-03-07 10:55:18] IP: ::1, UserID: 0, Query: SELECT * FROM user WHERE user = 'echirac'
[2024-03-07 10:55:18] IP: ::1, UserID: 0, Query: UPDATE user SET failures = failures + 1 WHERE user = 'echirac'
[2024-03-07 10:55:24] IP: ::1, UserID: 0, Query: SELECT * FROM user WHERE user = :user AND password = :password AND blocked = 0
[2024-03-07 10:55:24] IP: ::1, UserID: 0, Query: SELECT * FROM user WHERE user = 'echirac'
[2024-03-07 10:55:24] IP: ::1, UserID: 0, Query: UPDATE user SET failures = failures + 1 WHERE user = 'echirac'
[2024-03-07 10:55:24] IP: ::1, UserID: 0, Query: UPDATE user SET blocked = 1 WHERE user = 'echirac'
[2024-03-07 10:55:28] IP: ::1, UserID: 0, Query: SELECT * FROM user WHERE user = :user AND password = :password AND blocked = 0
[2024-03-07 10:55:28] IP: ::1, UserID: 0, Query: SELECT * FROM user WHERE user = 'echirac'
[2024-03-07 10:55:32] IP: ::1, UserID: 0, Query: SELECT * FROM user WHERE user = :user AND password = :password AND blocked = 0
[2024-03-07 10:55:32] IP: ::1, UserID: 0, Query: SELECT * FROM user WHERE user = 'echirac'
[2024-03-07 10:55:36] IP: ::1, UserID: 0, Query: SELECT * FROM user WHERE user = :user AND password = :password AND blocked = 0
[2024-03-07 10:55:36] IP: ::1, UserID: 0, Query: SELECT * FROM user WHERE user = 'kqui'
[2024-03-07 10:55:36] IP: ::1, UserID: 0, Query: UPDATE user SET failures = failures + 1 WHERE user = 'kqui'
[2024-03-07 10:55:43] IP: ::1, UserID: 0, Query: SELECT * FROM user WHERE user = :user AND password = :password AND blocked = 0
[2024-03-07 10:55:43] IP: ::1, UserID: 0, Query: SELECT * FROM user WHERE user = 'kqui'
[2024-03-07 10:55:43] IP: ::1, UserID: 0, Query: UPDATE user SET failures = failures + 1 WHERE user = 'kqui'
[2024-03-07 10:55:49] IP: ::1, UserID: 0, Query: SELECT * FROM user WHERE user = :user AND password = :password AND blocked = 0
[2024-03-07 10:55:49] IP: ::1, UserID: 0, Query: UPDATE user SET failures = 0 WHERE user = 'kqui'
[2024-03-07 10:55:58] IP: ::1, UserID: 0, Query: SELECT * FROM user WHERE user = :user AND password = :password AND blocked = 0
[2024-03-07 10:55:58] IP: ::1, UserID: 0, Query: SELECT * FROM user WHERE user = 'kqui'
[2024-03-07 10:55:58] IP: ::1, UserID: 0, Query: UPDATE user SET failures = failures + 1 WHERE user = 'kqui'
[2024-03-07 10:56:04] IP: ::1, UserID: 0, Query: SELECT * FROM user WHERE user = :user AND password = :password AND blocked = 0
[2024-03-07 10:56:04] IP: ::1, UserID: 0, Query: UPDATE user SET failures = 0 WHERE user = 'kqui'
[2024-03-07 10:56:39] IP: ::1, UserID: 0, Query: SELECT * FROM user WHERE user = :user AND password = :password AND blocked = 0
[2024-03-07 10:56:39] IP: ::1, UserID: 0, Query: SELECT * FROM user WHERE user = ''union select 1,2,3,user,password,6,7 FROM user --'
[2024-03-07 12:15:19] IP: ::1, UserID: 0, Query: DELETE FROM user
[2024-03-07 12:15:19] IP: ::1, UserID: 0, Query: INSERT INTO user (id,user,first_name,last_name,password,blocked)
VALUES
(1,'kqui','Kevin','QUI','manGe',0),
(2,'jbon','Jean','BON','cUit',0),
(3,'echirac','Evelyne','CHIRAC','President',0),
(4,'mpage','Marc','PAGE','livRE',1)
[2024-03-07 12:15:22] IP: ::1, UserID: 0, Query: SELECT * FROM user WHERE user = :user AND password = :password AND blocked = 0
[2024-03-07 12:15:22] IP: ::1, UserID: 0, Query: SELECT * FROM user WHERE user = 'mpage'
[2024-03-07 12:15:26] IP: ::1, UserID: 0, Query: SELECT * FROM user WHERE user = :user AND password = :password AND blocked = 0
[2024-03-07 12:15:26] IP: ::1, UserID: 0, Query: SELECT * FROM user WHERE user = 'mpage'
[2024-03-07 12:15:30] IP: ::1, UserID: 0, Query: SELECT * FROM user WHERE user = :user AND password = :password AND blocked = 0
[2024-03-07 12:15:30] IP: ::1, UserID: 0, Query: SELECT * FROM user WHERE user = 'mpage'
[2024-03-07 12:15:34] IP: ::1, UserID: 0, Query: SELECT * FROM user WHERE user = :user AND password = :password AND blocked = 0
[2024-03-07 12:15:58] IP: ::1, UserID: 0, Query: SELECT * FROM user WHERE user = :user AND password = :password AND blocked = 0
[2024-03-07 12:15:58] IP: ::1, UserID: 0, Query: SELECT * FROM user WHERE user = 'hghg'
[2024-03-07 12:16:23] IP: ::1, UserID: 0, Query: SELECT * FROM user WHERE user = :user AND password = :password AND blocked = 0
[2024-03-07 12:16:23] IP: ::1, UserID: 0, Query: SELECT * FROM user WHERE user = ''union select 1,2,3,user,password,6,7 FROM user limit 1 offset 1 --'
[2024-03-07 12:16:32] IP: ::1, UserID: 0, Query: SELECT * FROM user WHERE user = :user AND password = :password AND blocked = 0
[2024-03-07 12:16:32] IP: ::1, UserID: 0, Query: SELECT * FROM user WHERE user = ''union select 1,2,3,user,password,6,7 FROM user limit 1 offset 1 --'
[2024-03-07 12:17:10] IP: ::1, UserID: 0, Query: SELECT * FROM user WHERE user = 'hghg' AND password = 'hggh' AND blocked = 0
[2024-03-07 12:17:10] IP: ::1, UserID: 0, Query: SELECT * FROM user WHERE user = :user AND password = :password AND blocked = 0
[2024-03-07 12:17:10] IP: ::1, UserID: 0, Query: SELECT * FROM user WHERE user = 'hghg'
[2024-03-07 12:17:10] IP: ::1, UserID: 0, Query: SELECT * FROM user WHERE user = 'hghg'
[2024-03-07 12:17:13] IP: ::1, UserID: 0, Query: SELECT * FROM user WHERE user = 'hghg' AND password = 'hggh' AND blocked = 0
[2024-03-07 12:17:13] IP: ::1, UserID: 0, Query: SELECT * FROM user WHERE user = :user AND password = :password AND blocked = 0
[2024-03-07 12:17:13] IP: ::1, UserID: 0, Query: SELECT * FROM user WHERE user = 'hghg'
[2024-03-07 12:17:13] IP: ::1, UserID: 0, Query: SELECT * FROM user WHERE user = 'hghg'
[2024-03-07 12:17:18] IP: ::1, UserID: 0, Query: SELECT * FROM user WHERE user = '''union select 1,2,3,user,password,6,7 FROM user limit 1 offset 1 --' AND password = '''union select 1,2,3,user,password,6,7 FROM user limit 1 offset 1 --' AND blocked = 0
[2024-03-07 12:17:18] IP: ::1, UserID: 0, Query: SELECT * FROM user WHERE user = :user AND password = :password AND blocked = 0
[2024-03-07 12:17:18] IP: ::1, UserID: 0, Query: SELECT * FROM user WHERE user = ''union select 1,2,3,user,password,6,7 FROM user limit 1 offset 1 --'
[2024-03-07 12:17:18] IP: ::1, UserID: 0, Query: SELECT * FROM user WHERE user = ''union select 1,2,3,user,password,6,7 FROM user limit 1 offset 1 --'
[2024-03-07 12:18:51] IP: ::1, UserID: 0, Query: SELECT * FROM user WHERE user = 'hghg' AND password = 'hggh' AND blocked = 0
[2024-03-07 12:18:51] IP: ::1, UserID: 0, Query: SELECT * FROM user WHERE user = 'hghg'
[2024-03-07 12:18:55] IP: ::1, UserID: 0, Query: SELECT * FROM user WHERE user = '''union select 1,2,3,user,password,6,7 FROM user limit 1 offset 1 --' AND password = '' AND blocked = 0
[2024-03-07 12:18:55] IP: ::1, UserID: 0, Query: SELECT * FROM user WHERE user = ''union select 1,2,3,user,password,6,7 FROM user limit 1 offset 1 --'
[2024-03-07 12:19:48] IP: ::1, UserID: 0, Query: SELECT * FROM user WHERE user = '''aaaaaaaa' AND password = 'bbbbbbb' AND blocked = 0
[2024-03-07 12:20:11] IP: ::1, UserID: 0, Query: SELECT * FROM user WHERE user = '''aaaaaaaa' AND password = '''ccccccc' AND blocked = 0
[2024-03-07 12:21:15] IP: ::1, UserID: 0, Query: SELECT * FROM user WHERE user = '''union select 1,2,3,user,password,6,7 FROM user limit 1 offset 1 --' AND password = '' AND blocked = 0
[2024-03-07 12:21:15] IP: ::1, UserID: 0, Query: SELECT * FROM user WHERE user = ''union select 1,2,3,user,password,6,7 FROM user limit 1 offset 1 --'
[2024-03-07 12:22:50] IP: ::1, UserID: 0, Query: SELECT * FROM user WHERE user = '''union select 1,2,3,user,password,6,7 FROM user limit 1 offset 1 --' AND password = '' AND blocked = 0
[2024-03-07 12:22:50] IP: ::1, UserID: 0, Query: SELECT * FROM user WHERE user = ''union select 1,2,3,user,password,6,7 FROM user limit 1 offset 1 --'
[2024-03-07 12:23:36] IP: ::1, UserID: 0, Query: SELECT * FROM user WHERE user = 'hghg' AND password = 'hggh' AND blocked = 0
[2024-03-07 12:23:47] IP: ::1, UserID: 0, Query: SELECT * FROM user WHERE user = ' ''union select 1,2,3,user,password,6,7 FROM user limit 1 offset 1 --' AND password = '' AND blocked = 0
[2024-03-07 12:24:59] IP: ::1, UserID: 0, Query: SELECT * FROM user WHERE user = '''union select 1,2,3,user,password,6,7 FROM user -- ''union select 1,2,3,user,password,6,7 FROM user limit 1 offset 1 --' AND password = '' AND blocked = 0
[2024-03-07 12:24:59] IP: ::1, UserID: 0, Query: SELECT * FROM user WHERE user = '''union select 1,2,3,user,password,6,7 FROM user -- ''union select 1,2,3,user,password,6,7 FROM user limit 1 offset 1 --'
[2024-03-07 12:29:43] IP: ::1, UserID: 0, Query: DELETE FROM user
[2024-03-07 12:29:43] IP: ::1, UserID: 0, Query: INSERT INTO user (id,user,first_name,last_name,password,blocked)
VALUES
(1,'kqui','Kevin','QUI','manGe',0),
(2,'jbon','Jean','BON','cUit',0),
(3,'echirac','Evelyne','CHIRAC','President',0),
(4,'mpage','Marc','PAGE','livRE',1)
[2024-03-07 12:29:46] IP: ::1, UserID: 0, Query: SELECT * FROM user WHERE user = 'mpage' AND password = 'livRE' AND blocked = 0
[2024-03-07 12:29:46] IP: ::1, UserID: 0, Query: SELECT * FROM user WHERE user = 'mpage'
[2024-03-07 12:29:50] IP: ::1, UserID: 0, Query: SELECT * FROM user WHERE user = 'mpage' AND password = 'forgeted' AND blocked = 0
[2024-03-07 12:29:50] IP: ::1, UserID: 0, Query: SELECT * FROM user WHERE user = 'mpage'
[2024-03-07 12:29:54] IP: ::1, UserID: 0, Query: SELECT * FROM user WHERE user = 'mpage' AND password = 'forgeted' AND blocked = 0
[2024-03-07 12:29:54] IP: ::1, UserID: 0, Query: SELECT * FROM user WHERE user = 'mpage'
[2024-03-07 12:29:58] IP: ::1, UserID: 0, Query: SELECT * FROM user WHERE user = 'jbon' AND password = 'cUit' AND blocked = 0
[2024-03-07 12:30:18] IP: ::1, UserID: 0, Query: SELECT * FROM user WHERE user = 'nobody' AND password = '' AND blocked = 0
[2024-03-07 12:30:18] IP: ::1, UserID: 0, Query: SELECT * FROM user WHERE user = 'nobody'
[2024-03-07 12:30:23] IP: ::1, UserID: 0, Query: SELECT * FROM user WHERE user = 'nobody' AND password = 'nobody' AND blocked = 0
[2024-03-07 12:30:23] IP: ::1, UserID: 0, Query: SELECT * FROM user WHERE user = 'nobody'
[2024-03-07 12:30:28] IP: ::1, UserID: 0, Query: SELECT * FROM user WHERE user = 'echirac' AND password = 'president' AND blocked = 0
[2024-03-07 12:30:28] IP: ::1, UserID: 0, Query: SELECT * FROM user WHERE user = 'echirac'
[2024-03-07 12:30:28] IP: ::1, UserID: 0, Query: UPDATE user SET failures = failures + 1 WHERE user = 'echirac'
[2024-03-07 12:30:33] IP: ::1, UserID: 0, Query: SELECT * FROM user WHERE user = 'echirac' AND password = 'cUit' AND blocked = 0
[2024-03-07 12:30:33] IP: ::1, UserID: 0, Query: SELECT * FROM user WHERE user = 'echirac'
[2024-03-07 12:30:33] IP: ::1, UserID: 0, Query: UPDATE user SET failures = failures + 1 WHERE user = 'echirac'
[2024-03-07 12:30:39] IP: ::1, UserID: 0, Query: SELECT * FROM user WHERE user = 'echirac' AND password = '' AND blocked = 0
[2024-03-07 12:30:39] IP: ::1, UserID: 0, Query: SELECT * FROM user WHERE user = 'echirac'
[2024-03-07 12:30:39] IP: ::1, UserID: 0, Query: UPDATE user SET failures = failures + 1 WHERE user = 'echirac'
[2024-03-07 12:30:39] IP: ::1, UserID: 0, Query: UPDATE user SET blocked = 1 WHERE user = 'echirac'
[2024-03-07 12:30:43] IP: ::1, UserID: 0, Query: SELECT * FROM user WHERE user = 'echirac' AND password = 'President' AND blocked = 0
[2024-03-07 12:30:43] IP: ::1, UserID: 0, Query: SELECT * FROM user WHERE user = 'echirac'
[2024-03-07 12:30:47] IP: ::1, UserID: 0, Query: SELECT * FROM user WHERE user = 'echirac' AND password = 'President' AND blocked = 0
[2024-03-07 12:30:47] IP: ::1, UserID: 0, Query: SELECT * FROM user WHERE user = 'echirac'
[2024-03-07 12:30:51] IP: ::1, UserID: 0, Query: SELECT * FROM user WHERE user = 'kqui' AND password = 'acide' AND blocked = 0
[2024-03-07 12:30:51] IP: ::1, UserID: 0, Query: SELECT * FROM user WHERE user = 'kqui'
[2024-03-07 12:30:51] IP: ::1, UserID: 0, Query: UPDATE user SET failures = failures + 1 WHERE user = 'kqui'
[2024-03-07 12:30:57] IP: ::1, UserID: 0, Query: SELECT * FROM user WHERE user = 'kqui' AND password = 'MANge' AND blocked = 0
[2024-03-07 12:30:57] IP: ::1, UserID: 0, Query: SELECT * FROM user WHERE user = 'kqui'
[2024-03-07 12:30:57] IP: ::1, UserID: 0, Query: UPDATE user SET failures = failures + 1 WHERE user = 'kqui'
[2024-03-07 12:31:04] IP: ::1, UserID: 0, Query: SELECT * FROM user WHERE user = 'kqui' AND password = 'manGe' AND blocked = 0
[2024-03-07 12:31:04] IP: ::1, UserID: 0, Query: UPDATE user SET failures = 0 WHERE user = 'kqui'
[2024-03-07 12:31:13] IP: ::1, UserID: 0, Query: SELECT * FROM user WHERE user = 'kqui' AND password = 'acide' AND blocked = 0
[2024-03-07 12:31:13] IP: ::1, UserID: 0, Query: SELECT * FROM user WHERE user = 'kqui'
[2024-03-07 12:31:13] IP: ::1, UserID: 0, Query: UPDATE user SET failures = failures + 1 WHERE user = 'kqui'
[2024-03-07 12:31:19] IP: ::1, UserID: 0, Query: SELECT * FROM user WHERE user = 'kqui' AND password = 'manGe' AND blocked = 0
[2024-03-07 12:31:19] IP: ::1, UserID: 0, Query: UPDATE user SET failures = 0 WHERE user = 'kqui'
[2024-03-07 12:33:42] IP: ::1, UserID: 0, Query: DELETE FROM user
[2024-03-07 12:33:42] IP: ::1, UserID: 0, Query: INSERT INTO user (id,user,first_name,last_name,password,blocked)
VALUES
(1,'kqui','Kevin','QUI','manGe',0),
(2,'jbon','Jean','BON','cUit',0),
(3,'echirac','Evelyne','CHIRAC','President',0),
(4,'mpage','Marc','PAGE','livRE',1)
[2024-03-07 12:33:45] IP: ::1, UserID: 0, Query: SELECT * FROM user WHERE user = 'mpage' AND password = 'livRE' AND blocked = 0
[2024-03-07 12:33:45] IP: ::1, UserID: 0, Query: SELECT * FROM user WHERE user = 'mpage'
[2024-03-07 12:33:49] IP: ::1, UserID: 0, Query: SELECT * FROM user WHERE user = 'mpage' AND password = 'forgeted' AND blocked = 0
[2024-03-07 12:33:49] IP: ::1, UserID: 0, Query: SELECT * FROM user WHERE user = 'mpage'
[2024-03-07 12:33:53] IP: ::1, UserID: 0, Query: SELECT * FROM user WHERE user = 'mpage' AND password = 'forgeted' AND blocked = 0
[2024-03-07 12:33:53] IP: ::1, UserID: 0, Query: SELECT * FROM user WHERE user = 'mpage'
[2024-03-07 12:33:57] IP: ::1, UserID: 0, Query: SELECT * FROM user WHERE user = 'jbon' AND password = 'cUit' AND blocked = 0
[2024-03-07 12:34:17] IP: ::1, UserID: 0, Query: SELECT * FROM user WHERE user = 'nobody' AND password = '' AND blocked = 0
[2024-03-07 12:34:17] IP: ::1, UserID: 0, Query: SELECT * FROM user WHERE user = 'nobody'
[2024-03-07 12:34:22] IP: ::1, UserID: 0, Query: SELECT * FROM user WHERE user = 'nobody' AND password = 'nobody' AND blocked = 0
[2024-03-07 12:34:22] IP: ::1, UserID: 0, Query: SELECT * FROM user WHERE user = 'nobody'
[2024-03-07 12:34:27] IP: ::1, UserID: 0, Query: SELECT * FROM user WHERE user = 'echirac' AND password = 'president' AND blocked = 0
[2024-03-07 12:34:27] IP: ::1, UserID: 0, Query: SELECT * FROM user WHERE user = 'echirac'
[2024-03-07 12:34:27] IP: ::1, UserID: 0, Query: UPDATE user SET failures = failures + 1 WHERE user = 'echirac'
[2024-03-07 12:34:32] IP: ::1, UserID: 0, Query: SELECT * FROM user WHERE user = 'echirac' AND password = 'cUit' AND blocked = 0
[2024-03-07 12:34:32] IP: ::1, UserID: 0, Query: SELECT * FROM user WHERE user = 'echirac'
[2024-03-07 12:34:32] IP: ::1, UserID: 0, Query: UPDATE user SET failures = failures + 1 WHERE user = 'echirac'
[2024-03-07 12:34:38] IP: ::1, UserID: 0, Query: SELECT * FROM user WHERE user = 'echirac' AND password = '' AND blocked = 0
[2024-03-07 12:34:38] IP: ::1, UserID: 0, Query: SELECT * FROM user WHERE user = 'echirac'
[2024-03-07 12:34:38] IP: ::1, UserID: 0, Query: UPDATE user SET failures = failures + 1 WHERE user = 'echirac'
[2024-03-07 12:34:38] IP: ::1, UserID: 0, Query: UPDATE user SET blocked = 1 WHERE user = 'echirac'
[2024-03-07 12:34:42] IP: ::1, UserID: 0, Query: SELECT * FROM user WHERE user = 'echirac' AND password = 'President' AND blocked = 0
[2024-03-07 12:34:42] IP: ::1, UserID: 0, Query: SELECT * FROM user WHERE user = 'echirac'
[2024-03-07 12:34:46] IP: ::1, UserID: 0, Query: SELECT * FROM user WHERE user = 'echirac' AND password = 'President' AND blocked = 0
[2024-03-07 12:34:46] IP: ::1, UserID: 0, Query: SELECT * FROM user WHERE user = 'echirac'
[2024-03-07 12:34:50] IP: ::1, UserID: 0, Query: SELECT * FROM user WHERE user = 'kqui' AND password = 'acide' AND blocked = 0
[2024-03-07 12:34:50] IP: ::1, UserID: 0, Query: SELECT * FROM user WHERE user = 'kqui'
[2024-03-07 12:34:50] IP: ::1, UserID: 0, Query: UPDATE user SET failures = failures + 1 WHERE user = 'kqui'
[2024-03-07 12:34:56] IP: ::1, UserID: 0, Query: SELECT * FROM user WHERE user = 'kqui' AND password = 'MANge' AND blocked = 0
[2024-03-07 12:34:56] IP: ::1, UserID: 0, Query: SELECT * FROM user WHERE user = 'kqui'
[2024-03-07 12:34:56] IP: ::1, UserID: 0, Query: UPDATE user SET failures = failures + 1 WHERE user = 'kqui'
[2024-03-07 12:35:03] IP: ::1, UserID: 0, Query: SELECT * FROM user WHERE user = 'kqui' AND password = 'manGe' AND blocked = 0
[2024-03-07 12:35:03] IP: ::1, UserID: 0, Query: UPDATE user SET failures = 0 WHERE user = 'kqui'
[2024-03-07 12:35:12] IP: ::1, UserID: 0, Query: SELECT * FROM user WHERE user = 'kqui' AND password = 'acide' AND blocked = 0
[2024-03-07 12:35:12] IP: ::1, UserID: 0, Query: SELECT * FROM user WHERE user = 'kqui'
[2024-03-07 12:35:12] IP: ::1, UserID: 0, Query: UPDATE user SET failures = failures + 1 WHERE user = 'kqui'
[2024-03-07 12:35:18] IP: ::1, UserID: 0, Query: SELECT * FROM user WHERE user = 'kqui' AND password = 'manGe' AND blocked = 0
[2024-03-07 12:35:18] IP: ::1, UserID: 0, Query: UPDATE user SET failures = 0 WHERE user = 'kqui'
[2024-03-07 12:38:15] IP: ::1, UserID: 0, Query: DELETE FROM user
[2024-03-07 12:38:15] IP: ::1, UserID: 0, Query: INSERT INTO user (id,user,first_name,last_name,password,blocked)
VALUES
(1,'kqui','Kevin','QUI','manGe',0),
(2,'jbon','Jean','BON','cUit',0),
(3,'echirac','Evelyne','CHIRAC','President',0),
(4,'mpage','Marc','PAGE','livRE',1)
[2024-03-07 12:38:18] IP: ::1, UserID: 0, Query: SELECT * FROM user WHERE user = 'mpage' AND password = 'livRE' AND blocked = 0
[2024-03-07 12:38:18] IP: ::1, UserID: 0, Query: SELECT * FROM user WHERE user = 'mpage'
[2024-03-07 12:38:22] IP: ::1, UserID: 0, Query: SELECT * FROM user WHERE user = 'mpage' AND password = 'forgeted' AND blocked = 0
[2024-03-07 12:38:22] IP: ::1, UserID: 0, Query: SELECT * FROM user WHERE user = 'mpage'
[2024-03-07 12:38:26] IP: ::1, UserID: 0, Query: SELECT * FROM user WHERE user = 'mpage' AND password = 'forgeted' AND blocked = 0
[2024-03-07 12:38:26] IP: ::1, UserID: 0, Query: SELECT * FROM user WHERE user = 'mpage'
[2024-03-07 12:38:30] IP: ::1, UserID: 0, Query: SELECT * FROM user WHERE user = 'jbon' AND password = 'cUit' AND blocked = 0
[2024-03-07 12:38:50] IP: ::1, UserID: 0, Query: SELECT * FROM user WHERE user = 'nobody' AND password = '' AND blocked = 0
[2024-03-07 12:38:50] IP: ::1, UserID: 0, Query: SELECT * FROM user WHERE user = 'nobody'
[2024-03-07 12:38:55] IP: ::1, UserID: 0, Query: SELECT * FROM user WHERE user = 'nobody' AND password = 'nobody' AND blocked = 0
[2024-03-07 12:38:55] IP: ::1, UserID: 0, Query: SELECT * FROM user WHERE user = 'nobody'
[2024-03-07 12:39:00] IP: ::1, UserID: 0, Query: SELECT * FROM user WHERE user = 'echirac' AND password = 'president' AND blocked = 0
[2024-03-07 12:39:00] IP: ::1, UserID: 0, Query: SELECT * FROM user WHERE user = 'echirac'
[2024-03-07 12:39:00] IP: ::1, UserID: 0, Query: UPDATE user SET failures = failures + 1 WHERE user = 'echirac'
[2024-03-07 12:39:05] IP: ::1, UserID: 0, Query: SELECT * FROM user WHERE user = 'echirac' AND password = 'cUit' AND blocked = 0
[2024-03-07 12:39:05] IP: ::1, UserID: 0, Query: SELECT * FROM user WHERE user = 'echirac'
[2024-03-07 12:39:05] IP: ::1, UserID: 0, Query: UPDATE user SET failures = failures + 1 WHERE user = 'echirac'
[2024-03-07 12:39:07] IP: ::1, UserID: 0, Query: SELECT * FROM user WHERE user = 'echirac' AND password = '' AND blocked = 0
[2024-03-07 12:39:07] IP: ::1, UserID: 0, Query: SELECT * FROM user WHERE user = 'echirac'
[2024-03-07 12:39:07] IP: ::1, UserID: 0, Query: UPDATE user SET failures = failures + 1 WHERE user = 'echirac'
[2024-03-07 12:39:07] IP: ::1, UserID: 0, Query: UPDATE user SET blocked = 1 WHERE user = 'echirac'
[2024-03-07 12:39:08] IP: ::1, UserID: 0, Query: SELECT * FROM user WHERE user = 'echirac' AND password = 'President' AND blocked = 0
[2024-03-07 12:39:08] IP: ::1, UserID: 0, Query: SELECT * FROM user WHERE user = 'echirac'
[2024-03-07 12:39:09] IP: ::1, UserID: 0, Query: SELECT * FROM user WHERE user = 'echirac' AND password = 'President' AND blocked = 0
[2024-03-07 12:39:09] IP: ::1, UserID: 0, Query: SELECT * FROM user WHERE user = 'echirac'
[2024-03-07 12:39:11] IP: ::1, UserID: 0, Query: SELECT * FROM user WHERE user = 'kqui' AND password = 'acide' AND blocked = 0
[2024-03-07 12:39:11] IP: ::1, UserID: 0, Query: SELECT * FROM user WHERE user = 'kqui'
[2024-03-07 12:39:11] IP: ::1, UserID: 0, Query: UPDATE user SET failures = failures + 1 WHERE user = 'kqui'
[2024-03-07 12:39:13] IP: ::1, UserID: 0, Query: SELECT * FROM user WHERE user = 'kqui' AND password = 'MANge' AND blocked = 0
[2024-03-07 12:39:13] IP: ::1, UserID: 0, Query: SELECT * FROM user WHERE user = 'kqui'
[2024-03-07 12:39:13] IP: ::1, UserID: 0, Query: UPDATE user SET failures = failures + 1 WHERE user = 'kqui'
[2024-03-07 12:39:15] IP: ::1, UserID: 0, Query: SELECT * FROM user WHERE user = 'kqui' AND password = 'manGe' AND blocked = 0
[2024-03-07 12:39:15] IP: ::1, UserID: 0, Query: UPDATE user SET failures = 0 WHERE user = 'kqui'
[2024-03-07 12:39:17] IP: ::1, UserID: 0, Query: SELECT * FROM user WHERE user = 'kqui' AND password = 'acide' AND blocked = 0
[2024-03-07 12:39:17] IP: ::1, UserID: 0, Query: SELECT * FROM user WHERE user = 'kqui'
[2024-03-07 12:39:17] IP: ::1, UserID: 0, Query: UPDATE user SET failures = failures + 1 WHERE user = 'kqui'
[2024-03-07 12:39:19] IP: ::1, UserID: 0, Query: SELECT * FROM user WHERE user = 'kqui' AND password = 'manGe' AND blocked = 0
[2024-03-07 12:39:19] IP: ::1, UserID: 0, Query: UPDATE user SET failures = 0 WHERE user = 'kqui'
[2024-03-07 12:44:31] IP: ::1, UserID: 0, Query: SELECT * FROM user WHERE user = 'mpage' AND password = 'livRE' AND blocked = 0
[2024-03-07 12:44:31] IP: ::1, UserID: 0, Query: SELECT * FROM user WHERE user = 'mpage'
[2024-03-07 12:44:35] IP: ::1, UserID: 0, Query: SELECT * FROM user WHERE user = 'mpage' AND password = 'forgeted' AND blocked = 0
[2024-03-07 12:44:35] IP: ::1, UserID: 0, Query: SELECT * FROM user WHERE user = 'mpage'
[2024-03-07 12:44:39] IP: ::1, UserID: 0, Query: SELECT * FROM user WHERE user = 'mpage' AND password = 'forgeted' AND blocked = 0
[2024-03-07 12:44:39] IP: ::1, UserID: 0, Query: SELECT * FROM user WHERE user = 'mpage'
[2024-03-07 12:44:43] IP: ::1, UserID: 0, Query: SELECT * FROM user WHERE user = 'jbon' AND password = 'cUit' AND blocked = 0
[2024-03-07 12:44:59] IP: ::1, UserID: 0, Query: SELECT * FROM user WHERE user = 'nobody' AND password = '' AND blocked = 0
[2024-03-07 12:44:59] IP: ::1, UserID: 0, Query: SELECT * FROM user WHERE user = 'nobody'
[2024-03-07 12:45:04] IP: ::1, UserID: 0, Query: SELECT * FROM user WHERE user = 'nobody' AND password = 'nobody' AND blocked = 0
[2024-03-07 12:45:04] IP: ::1, UserID: 0, Query: SELECT * FROM user WHERE user = 'nobody'
[2024-03-07 12:45:09] IP: ::1, UserID: 0, Query: SELECT * FROM user WHERE user = 'echirac' AND password = 'president' AND blocked = 0
[2024-03-07 12:45:09] IP: ::1, UserID: 0, Query: SELECT * FROM user WHERE user = 'echirac'
[2024-03-07 12:45:37] IP: ::1, UserID: 0, Query: DELETE FROM user
[2024-03-07 12:45:37] IP: ::1, UserID: 0, Query: INSERT INTO user (id,user,first_name,last_name,password,blocked)
VALUES
(1,'kqui','Kevin','QUI','manGe',0),
(2,'jbon','Jean','BON','cUit',0),
(3,'echirac','Evelyne','CHIRAC','President',0),
(4,'mpage','Marc','PAGE','livRE',1)
[2024-03-07 12:45:40] IP: ::1, UserID: 0, Query: SELECT * FROM user WHERE user = 'mpage' AND password = 'livRE' AND blocked = 0
[2024-03-07 12:45:40] IP: ::1, UserID: 0, Query: SELECT * FROM user WHERE user = 'mpage'
[2024-03-07 12:45:44] IP: ::1, UserID: 0, Query: SELECT * FROM user WHERE user = 'mpage' AND password = 'forgeted' AND blocked = 0
[2024-03-07 12:45:44] IP: ::1, UserID: 0, Query: SELECT * FROM user WHERE user = 'mpage'
[2024-03-07 12:45:48] IP: ::1, UserID: 0, Query: SELECT * FROM user WHERE user = 'mpage' AND password = 'forgeted' AND blocked = 0
[2024-03-07 12:45:48] IP: ::1, UserID: 0, Query: SELECT * FROM user WHERE user = 'mpage'
[2024-03-07 12:45:52] IP: ::1, UserID: 0, Query: SELECT * FROM user WHERE user = 'jbon' AND password = 'cUit' AND blocked = 0
[2024-03-07 12:46:12] IP: ::1, UserID: 0, Query: SELECT * FROM user WHERE user = 'nobody' AND password = '' AND blocked = 0
[2024-03-07 12:46:12] IP: ::1, UserID: 0, Query: SELECT * FROM user WHERE user = 'nobody'
[2024-03-07 12:46:17] IP: ::1, UserID: 0, Query: SELECT * FROM user WHERE user = 'nobody' AND password = 'nobody' AND blocked = 0
[2024-03-07 12:46:17] IP: ::1, UserID: 0, Query: SELECT * FROM user WHERE user = 'nobody'
[2024-03-07 12:46:22] IP: ::1, UserID: 0, Query: SELECT * FROM user WHERE user = 'echirac' AND password = 'president' AND blocked = 0
[2024-03-07 12:46:22] IP: ::1, UserID: 0, Query: SELECT * FROM user WHERE user = 'echirac'
[2024-03-07 12:46:22] IP: ::1, UserID: 0, Query: UPDATE user SET failures = failures + 1 WHERE user = 'echirac'
[2024-03-07 12:46:27] IP: ::1, UserID: 0, Query: SELECT * FROM user WHERE user = 'echirac' AND password = 'cUit' AND blocked = 0
[2024-03-07 12:46:27] IP: ::1, UserID: 0, Query: SELECT * FROM user WHERE user = 'echirac'
[2024-03-07 12:46:27] IP: ::1, UserID: 0, Query: UPDATE user SET failures = failures + 1 WHERE user = 'echirac'
[2024-03-07 12:46:33] IP: ::1, UserID: 0, Query: SELECT * FROM user WHERE user = 'echirac' AND password = '' AND blocked = 0
[2024-03-07 12:46:33] IP: ::1, UserID: 0, Query: SELECT * FROM user WHERE user = 'echirac'
[2024-03-07 12:46:33] IP: ::1, UserID: 0, Query: UPDATE user SET failures = failures + 1 WHERE user = 'echirac'
[2024-03-07 12:46:33] IP: ::1, UserID: 0, Query: UPDATE user SET blocked = 1 WHERE user = 'echirac'
[2024-03-07 12:46:37] IP: ::1, UserID: 0, Query: SELECT * FROM user WHERE user = 'echirac' AND password = 'President' AND blocked = 0
[2024-03-07 12:46:37] IP: ::1, UserID: 0, Query: SELECT * FROM user WHERE user = 'echirac'
[2024-03-07 12:46:41] IP: ::1, UserID: 0, Query: SELECT * FROM user WHERE user = 'echirac' AND password = 'President' AND blocked = 0
[2024-03-07 12:46:41] IP: ::1, UserID: 0, Query: SELECT * FROM user WHERE user = 'echirac'
[2024-03-07 12:46:46] IP: ::1, UserID: 0, Query: SELECT * FROM user WHERE user = 'kqui' AND password = 'acide' AND blocked = 0
[2024-03-07 12:46:46] IP: ::1, UserID: 0, Query: SELECT * FROM user WHERE user = 'kqui'
[2024-03-07 12:46:46] IP: ::1, UserID: 0, Query: UPDATE user SET failures = failures + 1 WHERE user = 'kqui'
[2024-03-07 12:46:52] IP: ::1, UserID: 0, Query: SELECT * FROM user WHERE user = 'kqui' AND password = 'MANge' AND blocked = 0
[2024-03-07 12:46:52] IP: ::1, UserID: 0, Query: SELECT * FROM user WHERE user = 'kqui'
[2024-03-07 12:46:52] IP: ::1, UserID: 0, Query: UPDATE user SET failures = failures + 1 WHERE user = 'kqui'
[2024-03-07 12:46:59] IP: ::1, UserID: 0, Query: SELECT * FROM user WHERE user = 'kqui' AND password = 'manGe' AND blocked = 0
[2024-03-07 12:46:59] IP: ::1, UserID: 0, Query: UPDATE user SET failures = 0 WHERE user = 'kqui'
[2024-03-07 12:47:08] IP: ::1, UserID: 0, Query: SELECT * FROM user WHERE user = 'kqui' AND password = 'acide' AND blocked = 0
[2024-03-07 12:47:08] IP: ::1, UserID: 0, Query: SELECT * FROM user WHERE user = 'kqui'
[2024-03-07 12:47:08] IP: ::1, UserID: 0, Query: UPDATE user SET failures = failures + 1 WHERE user = 'kqui'
[2024-03-07 12:47:14] IP: ::1, UserID: 0, Query: SELECT * FROM user WHERE user = 'kqui' AND password = 'manGe' AND blocked = 0
[2024-03-07 12:47:14] IP: ::1, UserID: 0, Query: UPDATE user SET failures = 0 WHERE user = 'kqui'
[2024-03-07 13:12:56] IP: ::1, UserID: 0, Query: DELETE FROM user
[2024-03-07 13:12:56] IP: ::1, UserID: 0, Query: INSERT INTO user (id,user,first_name,last_name,password,blocked)
VALUES
(1,'kqui','Kevin','QUI','manGe',0),
(2,'jbon','Jean','BON','cUit',0),
(3,'echirac','Evelyne','CHIRAC','President',0),
(4,'mpage','Marc','PAGE','livRE',1)
[2024-03-07 13:12:59] IP: ::1, UserID: 0, Query: SELECT * FROM user WHERE user = 'mpage' AND password = 'livRE' AND blocked = 0
[2024-03-07 13:12:59] IP: ::1, UserID: 0, Query: SELECT * FROM user WHERE user = 'mpage'
[2024-03-07 13:13:03] IP: ::1, UserID: 0, Query: SELECT * FROM user WHERE user = 'mpage' AND password = 'forgeted' AND blocked = 0
[2024-03-07 13:13:03] IP: ::1, UserID: 0, Query: SELECT * FROM user WHERE user = 'mpage'
[2024-03-07 13:13:07] IP: ::1, UserID: 0, Query: SELECT * FROM user WHERE user = 'mpage' AND password = 'forgeted' AND blocked = 0
[2024-03-07 13:13:07] IP: ::1, UserID: 0, Query: SELECT * FROM user WHERE user = 'mpage'
[2024-03-07 13:13:12] IP: ::1, UserID: 0, Query: SELECT * FROM user WHERE user = 'jbon' AND password = 'cUit' AND blocked = 0
[2024-03-07 13:13:32] IP: ::1, UserID: 0, Query: SELECT * FROM user WHERE user = 'nobody' AND password = '' AND blocked = 0
[2024-03-07 13:13:32] IP: ::1, UserID: 0, Query: SELECT * FROM user WHERE user = 'nobody'
[2024-03-07 13:13:37] IP: ::1, UserID: 0, Query: SELECT * FROM user WHERE user = 'nobody' AND password = 'nobody' AND blocked = 0
[2024-03-07 13:13:37] IP: ::1, UserID: 0, Query: SELECT * FROM user WHERE user = 'nobody'
[2024-03-07 13:13:43] IP: ::1, UserID: 0, Query: SELECT * FROM user WHERE user = 'echirac' AND password = 'president' AND blocked = 0
[2024-03-07 13:13:43] IP: ::1, UserID: 0, Query: SELECT * FROM user WHERE user = 'echirac'
[2024-03-07 13:13:43] IP: ::1, UserID: 0, Query: UPDATE user SET failures = failures + 1 WHERE user = 'echirac'
[2024-03-07 13:13:48] IP: ::1, UserID: 0, Query: SELECT * FROM user WHERE user = 'echirac' AND password = 'cUit' AND blocked = 0
[2024-03-07 13:13:48] IP: ::1, UserID: 0, Query: SELECT * FROM user WHERE user = 'echirac'
[2024-03-07 13:13:48] IP: ::1, UserID: 0, Query: UPDATE user SET failures = failures + 1 WHERE user = 'echirac'
[2024-03-07 13:13:54] IP: ::1, UserID: 0, Query: SELECT * FROM user WHERE user = 'echirac' AND password = '' AND blocked = 0
[2024-03-07 13:13:54] IP: ::1, UserID: 0, Query: SELECT * FROM user WHERE user = 'echirac'
[2024-03-07 13:13:54] IP: ::1, UserID: 0, Query: UPDATE user SET failures = failures + 1 WHERE user = 'echirac'
[2024-03-07 13:13:54] IP: ::1, UserID: 0, Query: UPDATE user SET blocked = 1 WHERE user = 'echirac'
[2024-03-07 13:13:58] IP: ::1, UserID: 0, Query: SELECT * FROM user WHERE user = 'echirac' AND password = 'President' AND blocked = 0
[2024-03-07 13:13:58] IP: ::1, UserID: 0, Query: SELECT * FROM user WHERE user = 'echirac'
[2024-03-07 13:14:02] IP: ::1, UserID: 0, Query: SELECT * FROM user WHERE user = 'echirac' AND password = 'President' AND blocked = 0
[2024-03-07 13:14:02] IP: ::1, UserID: 0, Query: SELECT * FROM user WHERE user = 'echirac'
[2024-03-07 13:14:07] IP: ::1, UserID: 0, Query: SELECT * FROM user WHERE user = 'kqui' AND password = 'acide' AND blocked = 0
[2024-03-07 13:14:07] IP: ::1, UserID: 0, Query: SELECT * FROM user WHERE user = 'kqui'
[2024-03-07 13:14:07] IP: ::1, UserID: 0, Query: UPDATE user SET failures = failures + 1 WHERE user = 'kqui'
[2024-03-07 13:14:13] IP: ::1, UserID: 0, Query: SELECT * FROM user WHERE user = 'kqui' AND password = 'MANge' AND blocked = 0
[2024-03-07 13:14:13] IP: ::1, UserID: 0, Query: SELECT * FROM user WHERE user = 'kqui'
[2024-03-07 13:14:13] IP: ::1, UserID: 0, Query: UPDATE user SET failures = failures + 1 WHERE user = 'kqui'
[2024-03-07 13:14:20] IP: ::1, UserID: 0, Query: SELECT * FROM user WHERE user = 'kqui' AND password = 'manGe' AND blocked = 0
[2024-03-07 13:14:20] IP: ::1, UserID: 0, Query: UPDATE user SET failures = 0 WHERE user = 'kqui'
[2024-03-07 13:14:29] IP: ::1, UserID: 0, Query: SELECT * FROM user WHERE user = 'kqui' AND password = 'acide' AND blocked = 0
[2024-03-07 13:14:29] IP: ::1, UserID: 0, Query: SELECT * FROM user WHERE user = 'kqui'
[2024-03-07 13:14:29] IP: ::1, UserID: 0, Query: UPDATE user SET failures = failures + 1 WHERE user = 'kqui'
[2024-03-07 13:14:35] IP: ::1, UserID: 0, Query: SELECT * FROM user WHERE user = 'kqui' AND password = 'manGe' AND blocked = 0
[2024-03-07 13:14:35] IP: ::1, UserID: 0, Query: UPDATE user SET failures = 0 WHERE user = 'kqui'
[2024-03-07 13:25:13] IP: ::1, UserID: 0, Query: DELETE FROM user
[2024-03-07 13:25:13] IP: ::1, UserID: 0, Query: INSERT INTO user (id,user,first_name,last_name,password,blocked)
VALUES
(1,'kqui','Kevin','QUI','manGe',0),
(2,'jbon','Jean','BON','cUit',0),
(3,'echirac','Evelyne','CHIRAC','President',0),
(4,'mpage','Marc','PAGE','livRE',1)
[2024-03-07 13:25:16] IP: ::1, UserID: 0, Query: SELECT * FROM user WHERE user = 'mpage' AND password = 'livRE' AND blocked = 0
[2024-03-07 13:25:16] IP: ::1, UserID: 0, Query: SELECT * FROM user WHERE user = 'mpage'
[2024-03-07 13:25:20] IP: ::1, UserID: 0, Query: SELECT * FROM user WHERE user = 'mpage' AND password = 'forgeted' AND blocked = 0
[2024-03-07 13:25:20] IP: ::1, UserID: 0, Query: SELECT * FROM user WHERE user = 'mpage'
[2024-03-07 13:25:24] IP: ::1, UserID: 0, Query: SELECT * FROM user WHERE user = 'mpage' AND password = 'forgeted' AND blocked = 0
[2024-03-07 13:25:24] IP: ::1, UserID: 0, Query: SELECT * FROM user WHERE user = 'mpage'
[2024-03-07 13:25:28] IP: ::1, UserID: 0, Query: SELECT * FROM user WHERE user = 'jbon' AND password = 'cUit' AND blocked = 0
[2024-03-07 13:25:38] IP: ::1, UserID: 0, Query: SELECT * FROM user WHERE user = 'nobody' AND password = '' AND blocked = 0
[2024-03-07 13:25:38] IP: ::1, UserID: 0, Query: SELECT * FROM user WHERE user = 'nobody'
[2024-03-07 13:25:42] IP: ::1, UserID: 0, Query: SELECT * FROM user WHERE user = 'nobody' AND password = 'nobody' AND blocked = 0
[2024-03-07 13:25:42] IP: ::1, UserID: 0, Query: SELECT * FROM user WHERE user = 'nobody'
[2024-03-07 13:25:47] IP: ::1, UserID: 0, Query: SELECT * FROM user WHERE user = 'echirac' AND password = 'president' AND blocked = 0
[2024-03-07 13:25:47] IP: ::1, UserID: 0, Query: SELECT * FROM user WHERE user = 'echirac'
[2024-03-07 13:25:47] IP: ::1, UserID: 0, Query: UPDATE user SET failures = failures + 1 WHERE user = 'echirac'
[2024-03-07 13:25:52] IP: ::1, UserID: 0, Query: SELECT * FROM user WHERE user = 'echirac' AND password = 'cUit' AND blocked = 0
[2024-03-07 13:25:52] IP: ::1, UserID: 0, Query: SELECT * FROM user WHERE user = 'echirac'
[2024-03-07 13:25:52] IP: ::1, UserID: 0, Query: UPDATE user SET failures = failures + 1 WHERE user = 'echirac'
[2024-03-07 13:25:58] IP: ::1, UserID: 0, Query: SELECT * FROM user WHERE user = 'echirac' AND password = '' AND blocked = 0
[2024-03-07 13:25:58] IP: ::1, UserID: 0, Query: SELECT * FROM user WHERE user = 'echirac'
[2024-03-07 13:25:58] IP: ::1, UserID: 0, Query: UPDATE user SET failures = failures + 1 WHERE user = 'echirac'
[2024-03-07 13:25:58] IP: ::1, UserID: 0, Query: UPDATE user SET blocked = 1 WHERE user = 'echirac'
[2024-03-07 13:26:02] IP: ::1, UserID: 0, Query: SELECT * FROM user WHERE user = 'echirac' AND password = 'President' AND blocked = 0
[2024-03-07 13:26:02] IP: ::1, UserID: 0, Query: SELECT * FROM user WHERE user = 'echirac'
[2024-03-07 13:26:05] IP: ::1, UserID: 0, Query: SELECT * FROM user WHERE user = 'echirac' AND password = 'President' AND blocked = 0
[2024-03-07 13:26:05] IP: ::1, UserID: 0, Query: SELECT * FROM user WHERE user = 'echirac'
[2024-03-07 13:26:06] IP: ::1, UserID: 0, Query: SELECT * FROM user WHERE user = 'kqui' AND password = 'acide' AND blocked = 0
[2024-03-07 13:26:06] IP: ::1, UserID: 0, Query: SELECT * FROM user WHERE user = 'kqui'
[2024-03-07 13:26:06] IP: ::1, UserID: 0, Query: UPDATE user SET failures = failures + 1 WHERE user = 'kqui'
[2024-03-07 13:26:08] IP: ::1, UserID: 0, Query: SELECT * FROM user WHERE user = 'kqui' AND password = 'MANge' AND blocked = 0
[2024-03-07 13:26:08] IP: ::1, UserID: 0, Query: SELECT * FROM user WHERE user = 'kqui'
[2024-03-07 13:26:08] IP: ::1, UserID: 0, Query: UPDATE user SET failures = failures + 1 WHERE user = 'kqui'
[2024-03-07 13:26:11] IP: ::1, UserID: 0, Query: SELECT * FROM user WHERE user = 'kqui' AND password = 'manGe' AND blocked = 0
[2024-03-07 13:26:11] IP: ::1, UserID: 0, Query: UPDATE user SET failures = 0 WHERE user = 'kqui'
[2024-03-07 13:26:13] IP: ::1, UserID: 0, Query: SELECT * FROM user WHERE user = 'kqui' AND password = 'acide' AND blocked = 0
[2024-03-07 13:26:13] IP: ::1, UserID: 0, Query: SELECT * FROM user WHERE user = 'kqui'
[2024-03-07 13:26:13] IP: ::1, UserID: 0, Query: UPDATE user SET failures = failures + 1 WHERE user = 'kqui'
[2024-03-07 13:26:14] IP: ::1, UserID: 0, Query: SELECT * FROM user WHERE user = 'kqui' AND password = 'manGe' AND blocked = 0
[2024-03-07 13:26:14] IP: ::1, UserID: 0, Query: UPDATE user SET failures = 0 WHERE user = 'kqui'
